[2026-03-04 20:15:57] Usuario: {"login":"pedro.almeida","role":"vendedor"}
Erro gerado em: /notification/nao-lidas
[Axios Error] Network Error: Network Error
Stack: AxiosError: Network Error
    at XMLHttpRequest.handleError (http://localhost:3000/node_modules/.vite/deps/axios.js?v=e64e662e:1669:19)
Data Adicional: {"method":"get"}
------------------------------------------------------------
[2026-03-04 21:29:31] Usuario: {"login":"admin","role":"admin"}
Erro gerado em: /lancamento/cliente/3?idModeloControle=1
[Axios Error] 400: Request failed with status code 400
Stack: AxiosError: Request failed with status code 400
    at settle (http://localhost:3000/node_modules/.vite/deps/axios.js?v=e64e662e:1281:12)
    at XMLHttpRequest.onloadend (http://localhost:3000/node_modules/.vite/deps/axios.js?v=e64e662e:1638:7)
Data Adicional: {"method":"get","responseData":{"message":"Cliente não possui o modelo de controle informado."}}
------------------------------------------------------------
[2026-03-04 21:29:34] Usuario: {"login":"admin","role":"admin"}
Erro gerado em: /lancamento/cliente/4?idModeloControle=3
[Axios Error] 400: Request failed with status code 400
Stack: AxiosError: Request failed with status code 400
    at settle (http://localhost:3000/node_modules/.vite/deps/axios.js?v=e64e662e:1281:12)
    at XMLHttpRequest.onloadend (http://localhost:3000/node_modules/.vite/deps/axios.js?v=e64e662e:1638:7)
Data Adicional: {"method":"get","responseData":{"message":"Cliente não possui o modelo de controle informado."}}
------------------------------------------------------------
[2026-03-04 21:29:36] Usuario: {"login":"admin","role":"admin"}
Erro gerado em: /lancamento/cliente/6?idModeloControle=2
[Axios Error] 400: Request failed with status code 400
Stack: AxiosError: Request failed with status code 400
    at settle (http://localhost:3000/node_modules/.vite/deps/axios.js?v=e64e662e:1281:12)
    at XMLHttpRequest.onloadend (http://localhost:3000/node_modules/.vite/deps/axios.js?v=e64e662e:1638:7)
Data Adicional: {"method":"get","responseData":{"message":"Cliente não possui o modelo de controle informado."}}
------------------------------------------------------------
[2026-03-04 21:29:38] Usuario: {"login":"admin","role":"admin"}
Erro gerado em: /lancamento/cliente/5?idModeloControle=3
[Axios Error] 400: Request failed with status code 400
Stack: AxiosError: Request failed with status code 400
    at settle (http://localhost:3000/node_modules/.vite/deps/axios.js?v=e64e662e:1281:12)
    at XMLHttpRequest.onloadend (http://localhost:3000/node_modules/.vite/deps/axios.js?v=e64e662e:1638:7)
Data Adicional: {"method":"get","responseData":{"message":"Cliente não possui o modelo de controle informado."}}
------------------------------------------------------------
[2026-03-04 21:29:47] Usuario: {"login":"admin","role":"admin"}
Erro gerado em: /lancamento/cliente/4?idModeloControle=1
[Axios Error] 400: Request failed with status code 400
Stack: AxiosError: Request failed with status code 400
    at settle (http://localhost:3000/node_modules/.vite/deps/axios.js?v=e64e662e:1281:12)
    at XMLHttpRequest.onloadend (http://localhost:3000/node_modules/.vite/deps/axios.js?v=e64e662e:1638:7)
Data Adicional: {"method":"get","responseData":{"message":"Cliente não possui o modelo de controle informado."}}
------------------------------------------------------------
[2026-03-04 21:31:47] Usuario: {"login":"admin","role":"admin"}
Erro gerado em: /lancamento/cliente/6?idModeloControle=1
[Axios Error] 400: Request failed with status code 400
Stack: AxiosError: Request failed with status code 400
    at settle (http://localhost:3000/node_modules/.vite/deps/axios.js?v=e64e662e:1281:12)
    at XMLHttpRequest.onloadend (http://localhost:3000/node_modules/.vite/deps/axios.js?v=e64e662e:1638:7)
Data Adicional: {"method":"get","responseData":{"message":"Cliente não possui o modelo de controle informado."}}
------------------------------------------------------------
[2026-03-04 21:31:48] Usuario: {"login":"admin","role":"admin"}
Erro gerado em: /lancamento/cliente/5?idModeloControle=3
[Axios Error] 400: Request failed with status code 400
Stack: AxiosError: Request failed with status code 400
    at settle (http://localhost:3000/node_modules/.vite/deps/axios.js?v=e64e662e:1281:12)
    at XMLHttpRequest.onloadend (http://localhost:3000/node_modules/.vite/deps/axios.js?v=e64e662e:1638:7)
Data Adicional: {"method":"get","responseData":{"message":"Cliente não possui o modelo de controle informado."}}
------------------------------------------------------------
[2026-03-04 21:31:50] Usuario: {"login":"admin","role":"admin"}
Erro gerado em: /lancamento/cliente/6?idModeloControle=1
[Axios Error] 400: Request failed with status code 400
Stack: AxiosError: Request failed with status code 400
    at settle (http://localhost:3000/node_modules/.vite/deps/axios.js?v=e64e662e:1281:12)
    at XMLHttpRequest.onloadend (http://localhost:3000/node_modules/.vite/deps/axios.js?v=e64e662e:1638:7)
Data Adicional: {"method":"get","responseData":{"message":"Cliente não possui o modelo de controle informado."}}
------------------------------------------------------------
[2026-03-04 22:09:54] Usuario: {"login":"admin","role":"admin"}
Erro gerado em: /lancamento/cliente/6?idModeloControle=1
[Axios Error] 400: Request failed with status code 400
Stack: AxiosError: Request failed with status code 400
    at settle (http://localhost:3000/node_modules/.vite/deps/axios.js?v=e64e662e:1281:12)
    at XMLHttpRequest.onloadend (http://localhost:3000/node_modules/.vite/deps/axios.js?v=e64e662e:1638:7)
Data Adicional: {"method":"get","responseData":{"message":"Cliente não possui o modelo de controle informado."}}
------------------------------------------------------------
[2026-03-04 22:09:57] Usuario: {"login":"admin","role":"admin"}
Erro gerado em: /lancamento/cliente/2?idModeloControle=3
[Axios Error] 400: Request failed with status code 400
Stack: AxiosError: Request failed with status code 400
    at settle (http://localhost:3000/node_modules/.vite/deps/axios.js?v=e64e662e:1281:12)
    at XMLHttpRequest.onloadend (http://localhost:3000/node_modules/.vite/deps/axios.js?v=e64e662e:1638:7)
Data Adicional: {"method":"get","responseData":{"message":"Cliente não possui o modelo de controle informado."}}
------------------------------------------------------------
[2026-03-04 22:09:59] Usuario: {"login":"admin","role":"admin"}
Erro gerado em: /lancamento/cliente/6?idModeloControle=1
[Axios Error] 400: Request failed with status code 400
Stack: AxiosError: Request failed with status code 400
    at settle (http://localhost:3000/node_modules/.vite/deps/axios.js?v=e64e662e:1281:12)
    at XMLHttpRequest.onloadend (http://localhost:3000/node_modules/.vite/deps/axios.js?v=e64e662e:1638:7)
Data Adicional: {"method":"get","responseData":{"message":"Cliente não possui o modelo de controle informado."}}
------------------------------------------------------------
[2026-03-04 22:10:00] Usuario: {"login":"admin","role":"admin"}
Erro gerado em: /lancamento/cliente/7?idModeloControle=3
[Axios Error] 400: Request failed with status code 400
Stack: AxiosError: Request failed with status code 400
    at settle (http://localhost:3000/node_modules/.vite/deps/axios.js?v=e64e662e:1281:12)
    at XMLHttpRequest.onloadend (http://localhost:3000/node_modules/.vite/deps/axios.js?v=e64e662e:1638:7)
Data Adicional: {"method":"get","responseData":{"message":"Cliente não possui o modelo de controle informado."}}
------------------------------------------------------------
[2026-03-04 22:10:02] Usuario: {"login":"admin","role":"admin"}
Erro gerado em: /lancamento/cliente/3?idModeloControle=1
[Axios Error] 400: Request failed with status code 400
Stack: AxiosError: Request failed with status code 400
    at settle (http://localhost:3000/node_modules/.vite/deps/axios.js?v=e64e662e:1281:12)
    at XMLHttpRequest.onloadend (http://localhost:3000/node_modules/.vite/deps/axios.js?v=e64e662e:1638:7)
Data Adicional: {"method":"get","responseData":{"message":"Cliente não possui o modelo de controle informado."}}
------------------------------------------------------------
[2026-03-04 22:10:03] Usuario: {"login":"admin","role":"admin"}
Erro gerado em: /lancamento/cliente/2?idModeloControle=3
[Axios Error] 400: Request failed with status code 400
Stack: AxiosError: Request failed with status code 400
    at settle (http://localhost:3000/node_modules/.vite/deps/axios.js?v=e64e662e:1281:12)
    at XMLHttpRequest.onloadend (http://localhost:3000/node_modules/.vite/deps/axios.js?v=e64e662e:1638:7)
Data Adicional: {"method":"get","responseData":{"message":"Cliente não possui o modelo de controle informado."}}
------------------------------------------------------------
[2026-03-04 22:10:04] Usuario: {"login":"admin","role":"admin"}
Erro gerado em: /lancamento/cliente/1?idModeloControle=1
[Axios Error] 400: Request failed with status code 400
Stack: AxiosError: Request failed with status code 400
    at settle (http://localhost:3000/node_modules/.vite/deps/axios.js?v=e64e662e:1281:12)
    at XMLHttpRequest.onloadend (http://localhost:3000/node_modules/.vite/deps/axios.js?v=e64e662e:1638:7)
Data Adicional: {"method":"get","responseData":{"message":"Cliente não possui o modelo de controle informado."}}
------------------------------------------------------------
[2026-03-04 22:10:08] Usuario: {"login":"admin","role":"admin"}
Erro gerado em: /lancamento/cliente/4?idModeloControle=1
[Axios Error] 400: Request failed with status code 400
Stack: AxiosError: Request failed with status code 400
    at settle (http://localhost:3000/node_modules/.vite/deps/axios.js?v=e64e662e:1281:12)
    at XMLHttpRequest.onloadend (http://localhost:3000/node_modules/.vite/deps/axios.js?v=e64e662e:1638:7)
Data Adicional: {"method":"get","responseData":{"message":"Cliente não possui o modelo de controle informado."}}
------------------------------------------------------------
